<?xml version="1.0" encoding="UTF-8"?>
<!-- Generated by org.testng.reporters.JUnitReportReporter -->
<testsuite hostname="DESKTOP-QTKG04N" failures="0" tests="3" name="testng.Annotations" time="11.802" errors="0" timestamp="2024-02-19T16:21:52 IST" skipped="0">
  <testcase classname="testng.Annotations" name="Setup" time="9.867"/>
  <system-out/>
  <testcase classname="testng.Annotations" name="Login" time="1.770"/>
  <system-out/>
  <testcase classname="testng.Annotations" name="TearDown" time="0.165"/>
  <system-out/>
</testsuite> <!-- testng.Annotations -->
